<?xml version="1.0" encoding="UTF-8"?>
<!-- Generated by org.testng.reporters.JUnitReportReporter -->
<testsuite skipped="0" hostname="DESKTOP-E02GEEH" name="TestNG.example2_TestNg_TestClass" tests="1" failures="0" timestamp="2022-06-22T00:14:06 IST" time="13.471" errors="0">
  <testcase name="openFacebookApp" time="13.471" classname="TestNG.example2_TestNg_TestClass"/>
  <system-out/>
</testsuite> <!-- TestNG.example2_TestNg_TestClass -->
